<?xml version="1.0" encoding="UTF-8"?>
<!-- Generated by org.testng.reporters.JUnitReportReporter -->
<testsuite hostname="Payvand135" failures="0" tests="1" name="TestCases.TestCase_AddInsuranse" time="128.979" errors="0" timestamp="09 Apr 2022 06:39:53 GMT" skipped="0">
  <testcase classname="TestCases.TestCase_AddInsuranse" name="f" time="128.979"/>
</testsuite> <!-- TestCases.TestCase_AddInsuranse -->
