<?xml version="1.0" encoding="UTF-8"?>
<!-- Generated by org.testng.reporters.JUnitReportReporter -->
<testsuite hostname="Payvand135" failures="0" tests="1" name="TestCases.TestCase_Speciality_search" time="97.162" errors="0" timestamp="06 Apr 2022 10:20:07 GMT" skipped="0">
  <testcase classname="TestCases.TestCase_Speciality_search" name="f" time="97.162"/>
</testsuite> <!-- TestCases.TestCase_Speciality_search -->
