<?xml version="1.0" encoding="UTF-8"?>
<!-- Generated by org.testng.reporters.JUnitReportReporter -->
<testsuite hostname="Payvand135" failures="0" tests="1" name="TestCases.TestCase_AddLicense" time="110.325" errors="0" timestamp="06 Apr 2022 06:53:17 GMT" skipped="0">
  <testcase classname="TestCases.TestCase_AddLicense" name="f" time="110.325"/>
</testsuite> <!-- TestCases.TestCase_AddLicense -->
