<?xml version="1.0" encoding="UTF-8"?>
<!-- Generated by org.testng.reporters.JUnitReportReporter -->
<testsuite hostname="Payvand135" failures="0" tests="1" name="TestCases.TestCase_Standardiaztion_CenterpPart" time="104.488" errors="0" timestamp="10 Apr 2022 05:53:17 GMT" skipped="0">
  <testcase classname="TestCases.TestCase_Standardiaztion_CenterpPart" name="f" time="104.488"/>
</testsuite> <!-- TestCases.TestCase_Standardiaztion_CenterpPart -->
