<?xml version="1.0" encoding="UTF-8"?>
<!-- Generated by org.testng.reporters.JUnitReportReporter -->
<testsuite hostname="Payvand135" failures="0" tests="1" name="TestCases.TestCase_AddSpeciality" time="110.017" errors="0" timestamp="06 Apr 2022 08:09:28 GMT" skipped="0">
  <testcase classname="TestCases.TestCase_AddSpeciality" name="f" time="110.017"/>
</testsuite> <!-- TestCases.TestCase_AddSpeciality -->
