<?xml version="1.0" encoding="UTF-8"?>
<!-- Generated by org.testng.reporters.JUnitReportReporter -->
<testsuite hostname="Payvand135" failures="0" tests="1" name="TestCases.TestCase_DeActiveSpeciality" time="93.544" errors="0" timestamp="06 Apr 2022 11:38:56 GMT" skipped="0">
  <testcase classname="TestCases.TestCase_DeActiveSpeciality" name="f" time="93.544"/>
</testsuite> <!-- TestCases.TestCase_DeActiveSpeciality -->
