<?xml version="1.0" encoding="UTF-8"?>
<!-- Generated by org.testng.reporters.JUnitReportReporter -->
<testsuite hostname="Payvand135" failures="0" tests="1" name="TestCases.TestCase_AddCenterPart" time="94.661" errors="0" timestamp="10 Apr 2022 05:42:00 GMT" skipped="0">
  <testcase classname="TestCases.TestCase_AddCenterPart" name="f" time="94.661"/>
</testsuite> <!-- TestCases.TestCase_AddCenterPart -->
