<?xml version="1.0" encoding="UTF-8"?>
<!-- Generated by org.testng.reporters.JUnitReportReporter -->
<testsuite hostname="Payvand135" failures="0" tests="1" name="TestCases.TestCase_license_search" time="97.069" errors="0" timestamp="06 Apr 2022 07:21:19 GMT" skipped="0">
  <testcase classname="TestCases.TestCase_license_search" name="f" time="97.069"/>
</testsuite> <!-- TestCases.TestCase_license_search -->
