<?xml version="1.0" encoding="UTF-8"?>
<!-- Generated by org.testng.reporters.JUnitReportReporter -->
<testsuite hostname="Payvand135" failures="0" tests="1" name="cispackage.paziresh_NoRecord" time="70.055" errors="0" timestamp="20 Oct 2021 05:44:15 GMT" skipped="0">
  <testcase classname="cispackage.paziresh_NoRecord" name="f" time="70.055"/>
</testsuite> <!-- cispackage.paziresh_NoRecord -->
