<?xml version="1.0" encoding="UTF-8"?>
<!-- Generated by org.testng.reporters.JUnitReportReporter -->
<testsuite hostname="Payvand135" failures="0" tests="1" name="TestCase.TestCaseClinicServicePriority" time="68.157" errors="0" timestamp="21 Feb 2022 11:01:20 GMT" skipped="0">
  <testcase classname="TestCase.TestCaseClinicServicePriority" name="f" time="68.157"/>
</testsuite> <!-- TestCase.TestCaseClinicServicePriority -->
