<?xml version="1.0" encoding="UTF-8"?>
<!-- Generated by org.testng.reporters.JUnitReportReporter -->
<testsuite hostname="Payvand135" failures="0" tests="1" name="TestCase.TestCaseAddTrapistToClinic" time="72.705" errors="0" timestamp="12 Feb 2022 13:45:32 GMT" skipped="0">
  <testcase classname="TestCase.TestCaseAddTrapistToClinic" name="f" time="72.705"/>
</testsuite> <!-- TestCase.TestCaseAddTrapistToClinic -->
