<?xml version="1.0" encoding="UTF-8"?>
<!-- Generated by org.testng.reporters.JUnitReportReporter -->
<testsuite hostname="Payvand135" failures="0" tests="1" name="TestCase.TestCaseSearchTrapist_AddTrapistToClinic" time="78.192" errors="0" timestamp="13 Feb 2022 10:27:44 GMT" skipped="0">
  <testcase classname="TestCase.TestCaseSearchTrapist_AddTrapistToClinic" name="f" time="78.192"/>
</testsuite> <!-- TestCase.TestCaseSearchTrapist_AddTrapistToClinic -->
