<?xml version="1.0" encoding="UTF-8"?>
<!-- Generated by org.testng.reporters.JUnitReportReporter -->
<testsuite hostname="Payvand135" failures="0" tests="1" name="TestCase.TestCaseSearchTrapistCode_AddTrapistToClinic" time="77.869" errors="0" timestamp="13 Feb 2022 07:17:39 GMT" skipped="0">
  <testcase classname="TestCase.TestCaseSearchTrapistCode_AddTrapistToClinic" name="f" time="77.869"/>
</testsuite> <!-- TestCase.TestCaseSearchTrapistCode_AddTrapistToClinic -->
