<?xml version="1.0" encoding="UTF-8"?>
<!-- Generated by org.testng.reporters.JUnitReportReporter -->
<testsuite hostname="Payvand135" failures="0" tests="1" name="cispackage.cislogin" time="72.953" errors="0" timestamp="01 Feb 2022 07:39:06 GMT" skipped="0">
  <testcase classname="cispackage.cislogin" name="f" time="72.953"/>
</testsuite> <!-- cispackage.cislogin -->
