<?xml version="1.0" encoding="UTF-8"?>
<!-- Generated by org.testng.reporters.JUnitReportReporter -->
<testsuite hostname="Payvand135" failures="0" tests="1" name="TestCase.TestCaseSearch_AddTrapistAssistant" time="85.024" errors="0" timestamp="23 Feb 2022 10:42:57 GMT" skipped="0">
  <testcase classname="TestCase.TestCaseSearch_AddTrapistAssistant" name="f" time="85.024"/>
</testsuite> <!-- TestCase.TestCaseSearch_AddTrapistAssistant -->
