<?xml version="1.0" encoding="UTF-8"?>
<!-- Generated by org.testng.reporters.JUnitReportReporter -->
<testsuite hostname="Payvand135" failures="0" tests="1" name="cispackage.Paziresh" time="70.342" errors="0" timestamp="20 Oct 2021 06:08:57 GMT" skipped="0">
  <testcase classname="cispackage.Paziresh" name="f" time="70.342"/>
</testsuite> <!-- cispackage.Paziresh -->
